<?xml version="1.0" encoding="UTF-8"?>
<testng-results ignored="0" total="1" passed="1" failed="0" skipped="0">
  <reporter-output>
  </reporter-output>
  <suite started-at="2020-04-03T19:25:36 CEST" name="Default suite" finished-at="2020-04-03T19:26:03 CEST" duration-ms="26440">
    <groups>
    </groups>
    <test started-at="2020-04-03T19:25:36 CEST" name="Default test" finished-at="2020-04-03T19:26:03 CEST" duration-ms="26440">
      <class name="project.tests.MainProgram">
        <test-method signature="registerUser()[pri:0, instance:project.tests.MainProgram@eda25e5]" started-at="2020-04-03T19:25:36 CEST" name="registerUser" finished-at="2020-04-03T19:26:03 CEST" duration-ms="26409" status="PASS">
          <reporter-output>
          </reporter-output>
        </test-method> <!-- registerUser -->
      </class> <!-- project.tests.MainProgram -->
    </test> <!-- Default test -->
  </suite> <!-- Default suite -->
</testng-results>
